<?xml version="1.0" encoding="UTF-8"?>
<!-- Generated by org.testng.reporters.JUnitReportReporter -->
<testsuite hostname="HP" name="day7.TestNGGoogleYahoo" tests="2" failures="0" timestamp="3 Mar 2016 17:04:43 GMT" time="66.994" errors="0">
  <testcase name="searchyahoo" time="45.295" classname="day7.TestNGGoogleYahoo"/>
  <testcase name="searchgoogle" time="21.699" classname="day7.TestNGGoogleYahoo"/>
</testsuite> <!-- day7.TestNGGoogleYahoo -->
