<?xml version="1.0" encoding="UTF-8"?>
<!-- Generated by org.testng.reporters.JUnitReportReporter -->
<testsuite hostname="HP" name="day7.TestngIntro1" tests="2" failures="0" timestamp="2 Mar 2016 15:39:32 GMT" time="0.031" errors="0">
  <testcase name="SendEmail" time="0.028" classname="day7.TestngIntro1"/>
  <testcase name="checkmail" time="0.003" classname="day7.TestngIntro1"/>
</testsuite> <!-- day7.TestngIntro1 -->
