<?xml version="1.0" encoding="UTF-8"?>
<!-- Generated by org.testng.reporters.JUnitReportReporter -->
<testsuite hostname="HP" name="day8.TestngIntro11" tests="1" failures="0" timestamp="4 Mar 2016 15:49:24 GMT" time="0.029" errors="0">
  <testcase name="check" time="0.029" classname="day8.TestngIntro11"/>
</testsuite> <!-- day8.TestngIntro11 -->
