<?xml version="1.0" encoding="UTF-8"?>
<!-- Generated by org.testng.reporters.JUnitReportReporter -->
<testsuite hostname="HP" name="day7.TestngIntro11" tests="2" failures="0" timestamp="4 Mar 2016 15:50:20 GMT" time="0.033" errors="0">
  <testcase name="checkMail" time="0.031" classname="day7.TestngIntro11"/>
  <testcase name="sendMail" time="0.002" classname="day7.TestngIntro11"/>
</testsuite> <!-- day7.TestngIntro11 -->
